PLINK v1.90b6.9 64-bit (4 Mar 2019)
Options in effect:
  --bfile TWB2_bi_chr
  --check-sex
  --out check_sex

Hostname: gamera
Working directory: /home/tzutang/2021_BioBank/genotyped
Start time: Wed May 11 09:54:55 2022

Random number seed: 1652234095
256581 MB RAM detected; reserving 128290 MB for main workspace.
603915 variants loaded from .bim file.
88339 people (28188 males, 60151 females) loaded from .fam.
88336 phenotype values loaded from .fam.
Using 1 thread (no multithreaded calculations invoked).
Before main variant filters, 88339 founders and 0 nonfounders present.
Calculating allele frequencies... done.
Total genotyping rate is 0.991143.
603915 variants and 88339 people pass filters and QC.
Among remaining phenotypes, 0 are cases and 88336 are controls.  (3 phenotypes
are missing.)
Error: --check-sex/--impute-sex requires at least one polymorphic X chromosome
locus.

End time: Wed May 11 09:55:01 2022
