PLINK v1.90b6.9 64-bit (4 Mar 2019)
Options in effect:
  --assoc
  --bfile hear_lossing
  --out hear_losing
  --pheno hear_losing.pheno

Hostname: gamera
Working directory: /home/tzutang/2021_BioBank/genotyped
Start time: Tue Jun 14 10:12:59 2022

Random number seed: 1655172779
256581 MB RAM detected; reserving 128290 MB for main workspace.
437264 variants loaded from .bim file.
5697 people (1546 males, 4151 females) loaded from .fam.
5697 phenotype values present after --pheno.
Using 1 thread (no multithreaded calculations invoked).
Before main variant filters, 5697 founders and 0 nonfounders present.
Calculating allele frequencies... done.
Total genotyping rate is 0.997176.
437264 variants and 5697 people pass filters and QC.
Phenotype data is quantitative.
Writing QT --assoc report to hear_losing.qassoc ... done.

End time: Tue Jun 14 10:13:04 2022
