PLINK v1.90b6.9 64-bit (4 Mar 2019)
Options in effect:
  --bfile TWB2_cleaned
  --keep hear_lossing_id.txt
  --make-bed
  --out hear_lossing

Hostname: gamera
Working directory: /home/tzutang/2021_BioBank/genotyped
Start time: Mon Jun 13 09:30:21 2022

Random number seed: 1655083821
256581 MB RAM detected; reserving 128290 MB for main workspace.
437264 variants loaded from .bim file.
88135 people (28153 males, 59982 females) loaded from .fam.
88132 phenotype values loaded from .fam.
--keep: 5697 people remaining.
Using 1 thread (no multithreaded calculations invoked).
Before main variant filters, 5697 founders and 0 nonfounders present.
Calculating allele frequencies... done.
Total genotyping rate in remaining samples is 0.997176.
437264 variants and 5697 people pass filters and QC.
Among remaining phenotypes, 0 are cases and 5697 are controls.
--make-bed to hear_lossing.bed + hear_lossing.bim + hear_lossing.fam ... done.

End time: Mon Jun 13 09:30:37 2022
