PLINK v1.90b6.9 64-bit (4 Mar 2019)
Options in effect:
  --bfile TWB2.hg38
  --keep TWB2_id.txt
  --make-bed
  --out TWB2

Hostname: gamera
Working directory: /home/tzutang/2021_BioBank/genotyped
Start time: Wed May 11 09:12:44 2022

Random number seed: 1652231564
256581 MB RAM detected; reserving 128290 MB for main workspace.
686439 variants loaded from .bim file.
88347 people (28190 males, 60157 females) loaded from .fam.
88344 phenotype values loaded from .fam.
--keep: 88339 people remaining.
Using 1 thread (no multithreaded calculations invoked).
Before main variant filters, 88339 founders and 0 nonfounders present.
Calculating allele frequencies... done.
Warning: 6170830 het. haploid genotypes present (see TWB2.hh ); many commands
treat these as missing.
Total genotyping rate in remaining samples is 0.990473.
686439 variants and 88339 people pass filters and QC.
Among remaining phenotypes, 0 are cases and 88336 are controls.  (3 phenotypes
are missing.)
--make-bed to TWB2.bed + TWB2.bim + TWB2.fam ... done.

End time: Wed May 11 09:13:36 2022
