PLINK v1.90b6.9 64-bit (4 Mar 2019)
Options in effect:
  --bfile TWB2_bi
  --chr 1-22, XY
  --make-bed
  --out TWB2_bi_chr

Hostname: gamera
Working directory: /home/tzutang/2021_BioBank/genotyped
Start time: Wed May 11 09:48:33 2022

Random number seed: 1652233713
256581 MB RAM detected; reserving 128290 MB for main workspace.
603915 out of 639966 variants loaded from .bim file.
88339 people (28188 males, 60151 females) loaded from .fam.
88336 phenotype values loaded from .fam.
Using 1 thread (no multithreaded calculations invoked).
Before main variant filters, 88339 founders and 0 nonfounders present.
Calculating allele frequencies... done.
Total genotyping rate is 0.991143.
603915 variants and 88339 people pass filters and QC.
Among remaining phenotypes, 0 are cases and 88336 are controls.  (3 phenotypes
are missing.)
--make-bed to TWB2_bi_chr.bed + TWB2_bi_chr.bim + TWB2_bi_chr.fam ... done.

End time: Wed May 11 09:48:51 2022
