PLINK v1.90b6.9 64-bit (4 Mar 2019)
Options in effect:
  --bfile TWB2
  --biallelic-only
  --make-bed
  --out TWB2_bi
  --snps-only just-acgt

Hostname: gamera
Working directory: /home/tzutang/2021_BioBank/genotyped
Start time: Wed May 11 09:25:44 2022

Random number seed: 1652232344
256581 MB RAM detected; reserving 128290 MB for main workspace.
639966 out of 686439 variants loaded from .bim file.
88339 people (28188 males, 60151 females) loaded from .fam.
88336 phenotype values loaded from .fam.
Using 1 thread (no multithreaded calculations invoked).
Before main variant filters, 88339 founders and 0 nonfounders present.
Calculating allele frequencies... done.
Warning: 5980914 het. haploid genotypes present (see TWB2_bi.hh ); many
commands treat these as missing.
Total genotyping rate is 0.990885.
639966 variants and 88339 people pass filters and QC.
Among remaining phenotypes, 0 are cases and 88336 are controls.  (3 phenotypes
are missing.)
--make-bed to TWB2_bi.bed + TWB2_bi.bim + TWB2_bi.fam ... done.

End time: Wed May 11 09:27:19 2022
